2021/06/05 22:23:37 [notice] 1#1: using the "epoll" event method
2021/06/05 22:23:37 [notice] 1#1: nginx/1.21.0
2021/06/05 22:23:37 [notice] 1#1: built by gcc 10.2.1 20201203 (Alpine 10.2.1_pre1) 
2021/06/05 22:23:37 [notice] 1#1: OS: Linux 5.8.0-55-generic
2021/06/05 22:23:37 [notice] 1#1: getrlimit(RLIMIT_NOFILE): 1048576:1048576
2021/06/05 22:23:37 [notice] 1#1: start worker processes
2021/06/05 22:23:37 [notice] 1#1: start worker process 22
2021/06/05 22:23:37 [notice] 1#1: start worker process 23
2021/06/05 22:23:37 [notice] 1#1: start worker process 24
2021/06/05 22:23:37 [notice] 1#1: start worker process 25
2021/06/05 22:29:09 [notice] 1#1: signal 3 (SIGQUIT) received, shutting down
2021/06/05 22:29:09 [notice] 25#25: gracefully shutting down
2021/06/05 22:29:09 [notice] 25#25: exiting
2021/06/05 22:29:09 [notice] 24#24: gracefully shutting down
2021/06/05 22:29:09 [notice] 24#24: exiting
2021/06/05 22:29:09 [notice] 22#22: gracefully shutting down
2021/06/05 22:29:09 [notice] 22#22: exiting
2021/06/05 22:29:09 [notice] 23#23: gracefully shutting down
2021/06/05 22:29:09 [notice] 25#25: exit
2021/06/05 22:29:09 [notice] 24#24: exit
2021/06/05 22:29:09 [notice] 22#22: exit
2021/06/05 22:29:09 [notice] 23#23: exiting
2021/06/05 22:29:09 [notice] 23#23: exit
2021/06/05 22:29:09 [notice] 1#1: signal 17 (SIGCHLD) received from 22
2021/06/05 22:29:09 [notice] 1#1: worker process 22 exited with code 0
2021/06/05 22:29:09 [notice] 1#1: worker process 23 exited with code 0
2021/06/05 22:29:09 [notice] 1#1: worker process 24 exited with code 0
2021/06/05 22:29:09 [notice] 1#1: worker process 25 exited with code 0
2021/06/05 22:29:09 [notice] 1#1: exit
